<?xml version="1.0" encoding="UTF-8"?>
<testng-results ignored="0" total="2" passed="2" failed="0" skipped="0">
  <reporter-output>
  </reporter-output>
  <suite started-at="2021-01-24T16:45:14 WIB" name="Surefire suite" finished-at="2021-01-24T16:45:48 WIB" duration-ms="33839">
    <groups>
    </groups>
    <test started-at="2021-01-24T16:45:14 WIB" name="Surefire test" finished-at="2021-01-24T16:45:48 WIB" duration-ms="33839">
      <class name="com.qa.tests.demoTest">
        <test-method is-config="true" signature="setUp()[pri:0, instance:com.qa.tests.demoTest@64f6106c]" started-at="2021-01-24T16:45:14 WIB" name="setUp" finished-at="2021-01-24T16:45:16 WIB" duration-ms="1330" status="PASS">
          <reporter-output>
          </reporter-output>
        </test-method> <!-- setUp -->
        <test-method signature="bookingflight()[pri:0, instance:com.qa.tests.demoTest@64f6106c]" started-at="2021-01-24T16:45:16 WIB" name="bookingflight" finished-at="2021-01-24T16:45:32 WIB" duration-ms="16773" status="PASS">
          <reporter-output>
          </reporter-output>
        </test-method> <!-- bookingflight -->
        <test-method is-config="true" signature="tearDown()[pri:0, instance:com.qa.tests.demoTest@64f6106c]" started-at="2021-01-24T16:45:32 WIB" name="tearDown" finished-at="2021-01-24T16:45:33 WIB" duration-ms="200" status="PASS">
          <reporter-output>
          </reporter-output>
        </test-method> <!-- tearDown -->
        <test-method is-config="true" signature="setUp()[pri:0, instance:com.qa.tests.demoTest@64f6106c]" started-at="2021-01-24T16:45:33 WIB" name="setUp" finished-at="2021-01-24T16:45:34 WIB" duration-ms="1205" status="PASS">
          <reporter-output>
          </reporter-output>
        </test-method> <!-- setUp -->
        <test-method signature="bookingsTrain()[pri:0, instance:com.qa.tests.demoTest@64f6106c]" started-at="2021-01-24T16:45:34 WIB" name="bookingsTrain" finished-at="2021-01-24T16:45:48 WIB" duration-ms="14167" status="PASS">
          <reporter-output>
          </reporter-output>
        </test-method> <!-- bookingsTrain -->
        <test-method is-config="true" signature="tearDown()[pri:0, instance:com.qa.tests.demoTest@64f6106c]" started-at="2021-01-24T16:45:48 WIB" name="tearDown" finished-at="2021-01-24T16:45:48 WIB" duration-ms="137" status="PASS">
          <reporter-output>
          </reporter-output>
        </test-method> <!-- tearDown -->
      </class> <!-- com.qa.tests.demoTest -->
    </test> <!-- Surefire test -->
  </suite> <!-- Surefire suite -->
</testng-results>
